680 INFO: PyInstaller: 6.16.0, contrib hooks: 2025.9
680 INFO: Python: 3.13.7
724 INFO: Platform: Windows-10-10.0.19045-SP0
724 INFO: Python environment: C:\Users\user\AppData\Local\Programs\Python\Python313
747 INFO: Module search paths (PYTHONPATH):
['C:\\Users\\user\\AppData\\Local\\Programs\\Python\\Python313\\Scripts\\pyinstaller.exe',
 'C:\\Users\\user\\AppData\\Local\\Programs\\Python\\Python313\\python313.zip',
 'C:\\Users\\user\\AppData\\Local\\Programs\\Python\\Python313\\DLLs',
 'C:\\Users\\user\\AppData\\Local\\Programs\\Python\\Python313\\Lib',
 'C:\\Users\\user\\AppData\\Local\\Programs\\Python\\Python313',
 'C:\\Users\\user\\AppData\\Local\\Programs\\Python\\Python313\\Lib\\site-packages',
 'C:\\Users\\user\\AppData\\Local\\Programs\\Python\\Python313\\Lib\\site-packages\\win32',
 'C:\\Users\\user\\AppData\\Local\\Programs\\Python\\Python313\\Lib\\site-packages\\win32\\lib',
 'C:\\Users\\user\\AppData\\Local\\Programs\\Python\\Python313\\Lib\\site-packages\\Pythonwin',
 'C:\\Users\\user\\AppData\\Local\\Programs\\Python\\Python313\\Lib\\site-packages\\setuptools\\_vendor',
 'C:\\Users\\user\\Desktop\\ParidBackend\\PrinterClientPro\\Windows-Printer-Client']
2908 INFO: Appending 'datas' from .spec
2908 INFO: checking Analysis
3146 INFO: Building because C:\Users\user\Desktop\ParidBackend\PrinterClientPro\Windows-Printer-Client\printer_handler.py changed
3146 INFO: Looking for Python shared library...
3146 INFO: Using Python shared library: C:\Users\user\AppData\Local\Programs\Python\Python313\python313.dll
3146 INFO: Running Analysis Analysis-00.toc
3146 INFO: Target bytecode optimization level: 0
3146 INFO: Initializing module dependency graph...
3149 INFO: Initializing module graph hook caches...
3323 INFO: Analyzing modules for base_library.zip ...
6392 INFO: Processing standard module hook 'hook-encodings.py' from 'C:\\Users\\user\\AppData\\Local\\Programs\\Python\\Python313\\Lib\\site-packages\\PyInstaller\\hooks'
10759 INFO: Processing standard module hook 'hook-pickle.py' from 'C:\\Users\\user\\AppData\\Local\\Programs\\Python\\Python313\\Lib\\site-packages\\PyInstaller\\hooks'
13253 INFO: Processing standard module hook 'hook-heapq.py' from 'C:\\Users\\user\\AppData\\Local\\Programs\\Python\\Python313\\Lib\\site-packages\\PyInstaller\\hooks'
15745 INFO: Caching module dependency graph...
15806 INFO: Analyzing C:\Users\user\Desktop\ParidBackend\PrinterClientPro\Windows-Printer-Client\printer_client_tray.py
15850 INFO: Processing standard module hook 'hook-pystray.py' from 'C:\\Users\\user\\AppData\\Local\\Programs\\Python\\Python313\\Lib\\site-packages\\_pyinstaller_hooks_contrib\\stdhooks'
16569 INFO: Processing pre-safe-import-module hook 'hook-six.moves.py' from 'C:\\Users\\user\\AppData\\Local\\Programs\\Python\\Python313\\Lib\\site-packages\\PyInstaller\\hooks\\pre_safe_import_module'
16723 INFO: Processing pre-safe-import-module hook 'hook-gi.py' from 'C:\\Users\\user\\AppData\\Local\\Programs\\Python\\Python313\\Lib\\site-packages\\PyInstaller\\hooks\\pre_safe_import_module'
16826 INFO: Processing standard module hook 'hook-PIL.py' from 'C:\\Users\\user\\AppData\\Local\\Programs\\Python\\Python313\\Lib\\site-packages\\PyInstaller\\hooks'
16937 INFO: Processing standard module hook 'hook-_ctypes.py' from 'C:\\Users\\user\\AppData\\Local\\Programs\\Python\\Python313\\Lib\\site-packages\\PyInstaller\\hooks'
17272 INFO: Processing standard module hook 'hook-PIL.Image.py' from 'C:\\Users\\user\\AppData\\Local\\Programs\\Python\\Python313\\Lib\\site-packages\\PyInstaller\\hooks'
18058 INFO: Processing standard module hook 'hook-numpy.py' from 'C:\\Users\\user\\AppData\\Local\\Programs\\Python\\Python313\\Lib\\site-packages\\PyInstaller\\hooks'
19316 INFO: Processing standard module hook 'hook-platform.py' from 'C:\\Users\\user\\AppData\\Local\\Programs\\Python\\Python313\\Lib\\site-packages\\PyInstaller\\hooks'
19856 INFO: Processing standard module hook 'hook-sysconfig.py' from 'C:\\Users\\user\\AppData\\Local\\Programs\\Python\\Python313\\Lib\\site-packages\\PyInstaller\\hooks'
22608 INFO: Processing standard module hook 'hook-difflib.py' from 'C:\\Users\\user\\AppData\\Local\\Programs\\Python\\Python313\\Lib\\site-packages\\PyInstaller\\hooks'
23194 INFO: Processing standard module hook 'hook-multiprocessing.util.py' from 'C:\\Users\\user\\AppData\\Local\\Programs\\Python\\Python313\\Lib\\site-packages\\PyInstaller\\hooks'
23433 INFO: Processing standard module hook 'hook-xml.py' from 'C:\\Users\\user\\AppData\\Local\\Programs\\Python\\Python313\\Lib\\site-packages\\PyInstaller\\hooks'
27188 INFO: Processing pre-safe-import-module hook 'hook-typing_extensions.py' from 'C:\\Users\\user\\AppData\\Local\\Programs\\Python\\Python313\\Lib\\site-packages\\PyInstaller\\hooks\\pre_safe_import_module'
27191 INFO: SetuptoolsInfo: initializing cached setuptools info...
32452 INFO: Processing standard module hook 'hook-charset_normalizer.py' from 'C:\\Users\\user\\AppData\\Local\\Programs\\Python\\Python313\\Lib\\site-packages\\_pyinstaller_hooks_contrib\\stdhooks'
34654 INFO: Processing standard module hook 'hook-xml.etree.cElementTree.py' from 'C:\\Users\\user\\AppData\\Local\\Programs\\Python\\Python313\\Lib\\site-packages\\PyInstaller\\hooks'
34755 INFO: Processing standard module hook 'hook-PIL.ImageFilter.py' from 'C:\\Users\\user\\AppData\\Local\\Programs\\Python\\Python313\\Lib\\site-packages\\PyInstaller\\hooks'
35951 INFO: Processing pre-safe-import-module hook 'hook-packaging.py' from 'C:\\Users\\user\\AppData\\Local\\Programs\\Python\\Python313\\Lib\\site-packages\\PyInstaller\\hooks\\pre_safe_import_module'
36143 INFO: Processing pre-find-module-path hook 'hook-tkinter.py' from 'C:\\Users\\user\\AppData\\Local\\Programs\\Python\\Python313\\Lib\\site-packages\\PyInstaller\\hooks\\pre_find_module_path'
36146 INFO: TclTkInfo: initializing cached Tcl/Tk info...
36564 INFO: Processing standard module hook 'hook-_tkinter.py' from 'C:\\Users\\user\\AppData\\Local\\Programs\\Python\\Python313\\Lib\\site-packages\\PyInstaller\\hooks'
36931 INFO: Processing standard module hook 'hook-urllib3.py' from 'C:\\Users\\user\\AppData\\Local\\Programs\\Python\\Python313\\Lib\\site-packages\\_pyinstaller_hooks_contrib\\stdhooks'
40659 INFO: Processing standard module hook 'hook-cryptography.py' from 'C:\\Users\\user\\AppData\\Local\\Programs\\Python\\Python313\\Lib\\site-packages\\_pyinstaller_hooks_contrib\\stdhooks'
42645 INFO: hook-cryptography: cryptography does not seem to be using dynamically linked OpenSSL.
43989 INFO: Processing standard module hook 'hook-bcrypt.py' from 'C:\\Users\\user\\AppData\\Local\\Programs\\Python\\Python313\\Lib\\site-packages\\_pyinstaller_hooks_contrib\\stdhooks'
44310 INFO: Processing standard module hook 'hook-certifi.py' from 'C:\\Users\\user\\AppData\\Local\\Programs\\Python\\Python313\\Lib\\site-packages\\_pyinstaller_hooks_contrib\\stdhooks'
46334 INFO: Processing standard module hook 'hook-psycopg2.py' from 'C:\\Users\\user\\AppData\\Local\\Programs\\Python\\Python313\\Lib\\site-packages\\_pyinstaller_hooks_contrib\\stdhooks'
52038 INFO: Processing standard module hook 'hook-lxml.py' from 'C:\\Users\\user\\AppData\\Local\\Programs\\Python\\Python313\\Lib\\site-packages\\_pyinstaller_hooks_contrib\\stdhooks'
52881 INFO: Processing standard module hook 'hook-lxml.etree.py' from 'C:\\Users\\user\\AppData\\Local\\Programs\\Python\\Python313\\Lib\\site-packages\\_pyinstaller_hooks_contrib\\stdhooks'
53196 INFO: Processing standard module hook 'hook-reportlab.lib.utils.py' from 'C:\\Users\\user\\AppData\\Local\\Programs\\Python\\Python313\\Lib\\site-packages\\_pyinstaller_hooks_contrib\\stdhooks'
53423 INFO: Processing standard module hook 'hook-reportlab.pdfbase._fontdata.py' from 'C:\\Users\\user\\AppData\\Local\\Programs\\Python\\Python313\\Lib\\site-packages\\_pyinstaller_hooks_contrib\\stdhooks'
57072 INFO: Processing standard module hook 'hook-pyphen.py' from 'C:\\Users\\user\\AppData\\Local\\Programs\\Python\\Python313\\Lib\\site-packages\\_pyinstaller_hooks_contrib\\stdhooks'
59066 INFO: Processing standard module hook 'hook-xml.dom.domreg.py' from 'C:\\Users\\user\\AppData\\Local\\Programs\\Python\\Python313\\Lib\\site-packages\\PyInstaller\\hooks'
59502 INFO: Processing standard module hook 'hook-weasyprint.py' from 'C:\\Users\\user\\AppData\\Local\\Programs\\Python\\Python313\\Lib\\site-packages\\_pyinstaller_hooks_contrib\\stdhooks'
59667 WARNING: Depending libraries not found - weasyprint will likely fail to work!
59668 WARNING: Fontconfig configuration files not found - weasyprint will likely throw warnings and use default fonts!
59815 INFO: Processing standard module hook 'hook-tinycss2.py' from 'C:\\Users\\user\\AppData\\Local\\Programs\\Python\\Python313\\Lib\\site-packages\\_pyinstaller_hooks_contrib\\stdhooks'
61613 INFO: Processing standard module hook 'hook-pycparser.py' from 'C:\\Users\\user\\AppData\\Local\\Programs\\Python\\Python313\\Lib\\site-packages\\_pyinstaller_hooks_contrib\\stdhooks'
62448 INFO: Processing standard module hook 'hook-setuptools.py' from 'C:\\Users\\user\\AppData\\Local\\Programs\\Python\\Python313\\Lib\\site-packages\\PyInstaller\\hooks'
62527 INFO: Processing pre-safe-import-module hook 'hook-distutils.py' from 'C:\\Users\\user\\AppData\\Local\\Programs\\Python\\Python313\\Lib\\site-packages\\PyInstaller\\hooks\\pre_safe_import_module'
62659 INFO: Processing pre-safe-import-module hook 'hook-jaraco.functools.py' from 'C:\\Users\\user\\AppData\\Local\\Programs\\Python\\Python313\\Lib\\site-packages\\PyInstaller\\hooks\\pre_safe_import_module'
62660 INFO: Setuptools: 'jaraco.functools' appears to be a setuptools-vendored copy - creating alias to 'setuptools._vendor.jaraco.functools'!
62691 INFO: Processing pre-safe-import-module hook 'hook-more_itertools.py' from 'C:\\Users\\user\\AppData\\Local\\Programs\\Python\\Python313\\Lib\\site-packages\\PyInstaller\\hooks\\pre_safe_import_module'
62692 INFO: Setuptools: 'more_itertools' appears to be a setuptools-vendored copy - creating alias to 'setuptools._vendor.more_itertools'!
63793 INFO: Processing pre-safe-import-module hook 'hook-jaraco.text.py' from 'C:\\Users\\user\\AppData\\Local\\Programs\\Python\\Python313\\Lib\\site-packages\\PyInstaller\\hooks\\pre_safe_import_module'
63794 INFO: Setuptools: 'jaraco.text' appears to be a setuptools-vendored copy - creating alias to 'setuptools._vendor.jaraco.text'!
63829 INFO: Processing standard module hook 'hook-setuptools._vendor.jaraco.text.py' from 'C:\\Users\\user\\AppData\\Local\\Programs\\Python\\Python313\\Lib\\site-packages\\PyInstaller\\hooks'
63833 INFO: Processing pre-safe-import-module hook 'hook-importlib_resources.py' from 'C:\\Users\\user\\AppData\\Local\\Programs\\Python\\Python313\\Lib\\site-packages\\PyInstaller\\hooks\\pre_safe_import_module'
63837 INFO: Processing pre-safe-import-module hook 'hook-jaraco.context.py' from 'C:\\Users\\user\\AppData\\Local\\Programs\\Python\\Python313\\Lib\\site-packages\\PyInstaller\\hooks\\pre_safe_import_module'
63839 INFO: Setuptools: 'jaraco.context' appears to be a setuptools-vendored copy - creating alias to 'setuptools._vendor.jaraco.context'!
63888 INFO: Processing pre-safe-import-module hook 'hook-backports.tarfile.py' from 'C:\\Users\\user\\AppData\\Local\\Programs\\Python\\Python313\\Lib\\site-packages\\PyInstaller\\hooks\\pre_safe_import_module'
63889 INFO: Setuptools: 'backports.tarfile' appears to be a setuptools-vendored copy - creating alias to 'setuptools._vendor.backports.tarfile'!
64243 INFO: Processing standard module hook 'hook-backports.py' from 'C:\\Users\\user\\AppData\\Local\\Programs\\Python\\Python313\\Lib\\site-packages\\_pyinstaller_hooks_contrib\\stdhooks'
64581 INFO: Processing pre-safe-import-module hook 'hook-importlib_metadata.py' from 'C:\\Users\\user\\AppData\\Local\\Programs\\Python\\Python313\\Lib\\site-packages\\PyInstaller\\hooks\\pre_safe_import_module'
64586 INFO: Setuptools: 'importlib_metadata' appears to be a setuptools-vendored copy - creating alias to 'setuptools._vendor.importlib_metadata'!
64649 INFO: Processing standard module hook 'hook-setuptools._vendor.importlib_metadata.py' from 'C:\\Users\\user\\AppData\\Local\\Programs\\Python\\Python313\\Lib\\site-packages\\PyInstaller\\hooks'
64657 INFO: Processing pre-safe-import-module hook 'hook-zipp.py' from 'C:\\Users\\user\\AppData\\Local\\Programs\\Python\\Python313\\Lib\\site-packages\\PyInstaller\\hooks\\pre_safe_import_module'
64658 INFO: Setuptools: 'zipp' appears to be a setuptools-vendored copy - creating alias to 'setuptools._vendor.zipp'!
67144 INFO: Processing pre-safe-import-module hook 'hook-tomli.py' from 'C:\\Users\\user\\AppData\\Local\\Programs\\Python\\Python313\\Lib\\site-packages\\PyInstaller\\hooks\\pre_safe_import_module'
67145 INFO: Setuptools: 'tomli' appears to be a setuptools-vendored copy - creating alias to 'setuptools._vendor.tomli'!
68423 INFO: Processing standard module hook 'hook-pkg_resources.py' from 'C:\\Users\\user\\AppData\\Local\\Programs\\Python\\Python313\\Lib\\site-packages\\PyInstaller\\hooks'
69147 INFO: Processing pre-safe-import-module hook 'hook-platformdirs.py' from 'C:\\Users\\user\\AppData\\Local\\Programs\\Python\\Python313\\Lib\\site-packages\\PyInstaller\\hooks\\pre_safe_import_module'
69148 INFO: Setuptools: 'platformdirs' appears to be a setuptools-vendored copy - creating alias to 'setuptools._vendor.platformdirs'!
69766 INFO: Processing pre-safe-import-module hook 'hook-wheel.py' from 'C:\\Users\\user\\AppData\\Local\\Programs\\Python\\Python313\\Lib\\site-packages\\PyInstaller\\hooks\\pre_safe_import_module'
69768 INFO: Setuptools: 'wheel' appears to be a setuptools-vendored copy - creating alias to 'setuptools._vendor.wheel'!
81069 INFO: Analyzing hidden import 'pywintypes'
81089 INFO: Processing standard module hook 'hook-pywintypes.py' from 'C:\\Users\\user\\AppData\\Local\\Programs\\Python\\Python313\\Lib\\site-packages\\_pyinstaller_hooks_contrib\\stdhooks'
81274 INFO: Analyzing hidden import 'PIL._tkinter_finder'
81286 INFO: Processing module hooks (post-graph stage)...
81965 INFO: Processing standard module hook 'hook-lxml.isoschematron.py' from 'C:\\Users\\user\\AppData\\Local\\Programs\\Python\\Python313\\Lib\\site-packages\\_pyinstaller_hooks_contrib\\stdhooks'
82033 WARNING: Hidden import "mx.DateTime" not found!
82070 INFO: Processing standard module hook 'hook-tinycss2.py' from 'C:\\Users\\user\\AppData\\Local\\Programs\\Python\\Python313\\Lib\\site-packages\\_pyinstaller_hooks_contrib\\stdhooks'
82997 INFO: Processing standard module hook 'hook-PIL.SpiderImagePlugin.py' from 'C:\\Users\\user\\AppData\\Local\\Programs\\Python\\Python313\\Lib\\site-packages\\PyInstaller\\hooks'
83598 INFO: Processing standard module hook 'hook-_tkinter.py' from 'C:\\Users\\user\\AppData\\Local\\Programs\\Python\\Python313\\Lib\\site-packages\\PyInstaller\\hooks'
83600 INFO: Processing standard module hook 'hook-lxml.objectify.py' from 'C:\\Users\\user\\AppData\\Local\\Programs\\Python\\Python313\\Lib\\site-packages\\_pyinstaller_hooks_contrib\\stdhooks'
83627 INFO: Performing binary vs. data reclassification (1047 entries)
94509 INFO: Looking for ctypes DLLs
94635 INFO: Analyzing run-time hooks ...
94643 INFO: Including run-time hook 'pyi_rth_pkgutil.py' from 'C:\\Users\\user\\AppData\\Local\\Programs\\Python\\Python313\\Lib\\site-packages\\PyInstaller\\hooks\\rthooks'
94664 INFO: Including run-time hook 'pyi_rth_multiprocessing.py' from 'C:\\Users\\user\\AppData\\Local\\Programs\\Python\\Python313\\Lib\\site-packages\\PyInstaller\\hooks\\rthooks'
94684 INFO: Including run-time hook 'pyi_rth_inspect.py' from 'C:\\Users\\user\\AppData\\Local\\Programs\\Python\\Python313\\Lib\\site-packages\\PyInstaller\\hooks\\rthooks'
94705 INFO: Including run-time hook 'pyi_rth_pywintypes.py' from 'C:\\Users\\user\\AppData\\Local\\Programs\\Python\\Python313\\Lib\\site-packages\\_pyinstaller_hooks_contrib\\rthooks'
94720 INFO: Including run-time hook 'pyi_rth_cryptography_openssl.py' from 'C:\\Users\\user\\AppData\\Local\\Programs\\Python\\Python313\\Lib\\site-packages\\_pyinstaller_hooks_contrib\\rthooks'
94733 INFO: Including run-time hook 'pyi_rth__tkinter.py' from 'C:\\Users\\user\\AppData\\Local\\Programs\\Python\\Python313\\Lib\\site-packages\\PyInstaller\\hooks\\rthooks'
94750 INFO: Including run-time hook 'pyi_rth_setuptools.py' from 'C:\\Users\\user\\AppData\\Local\\Programs\\Python\\Python313\\Lib\\site-packages\\PyInstaller\\hooks\\rthooks'
94765 INFO: Including run-time hook 'pyi_rth_pkgres.py' from 'C:\\Users\\user\\AppData\\Local\\Programs\\Python\\Python313\\Lib\\site-packages\\PyInstaller\\hooks\\rthooks'
94862 INFO: Creating base_library.zip...
94908 INFO: Looking for dynamic libraries

-----

WeasyPrint could not import some external libraries. Please carefully follow the installation steps before reporting an issue:
https://doc.courtbouillon.org/weasyprint/stable/first_steps.html#installation
https://doc.courtbouillon.org/weasyprint/stable/first_steps.html#troubleshooting 

-----


-----

WeasyPrint could not import some external libraries. Please carefully follow the installation steps before reporting an issue:
https://doc.courtbouillon.org/weasyprint/stable/first_steps.html#installation
https://doc.courtbouillon.org/weasyprint/stable/first_steps.html#troubleshooting 

-----


-----

WeasyPrint could not import some external libraries. Please carefully follow the installation steps before reporting an issue:
https://doc.courtbouillon.org/weasyprint/stable/first_steps.html#installation
https://doc.courtbouillon.org/weasyprint/stable/first_steps.html#troubleshooting 

-----


-----

WeasyPrint could not import some external libraries. Please carefully follow the installation steps before reporting an issue:
https://doc.courtbouillon.org/weasyprint/stable/first_steps.html#installation
https://doc.courtbouillon.org/weasyprint/stable/first_steps.html#troubleshooting 

-----


-----

WeasyPrint could not import some external libraries. Please carefully follow the installation steps before reporting an issue:
https://doc.courtbouillon.org/weasyprint/stable/first_steps.html#installation
https://doc.courtbouillon.org/weasyprint/stable/first_steps.html#troubleshooting 

-----


-----

WeasyPrint could not import some external libraries. Please carefully follow the installation steps before reporting an issue:
https://doc.courtbouillon.org/weasyprint/stable/first_steps.html#installation
https://doc.courtbouillon.org/weasyprint/stable/first_steps.html#troubleshooting 

-----


-----

WeasyPrint could not import some external libraries. Please carefully follow the installation steps before reporting an issue:
https://doc.courtbouillon.org/weasyprint/stable/first_steps.html#installation
https://doc.courtbouillon.org/weasyprint/stable/first_steps.html#troubleshooting 

-----

100303 INFO: Extra DLL search directories (AddDllDirectory): ['C:\\Users\\user\\AppData\\Local\\Programs\\Python\\Python313\\Lib\\site-packages\\psycopg2_binary.libs', 'C:\\msys64\\mingw64\\bin', 'C:\\Program Files\\GTK3-Runtime Win64\\bin', 'C:\\msys64\\mingw64\\bin', 'C:\\Program Files\\GTK3-Runtime Win64\\bin', 'C:\\msys64\\mingw64\\bin', 'C:\\Program Files\\GTK3-Runtime Win64\\bin', 'C:\\msys64\\mingw64\\bin', 'C:\\Program Files\\GTK3-Runtime Win64\\bin', 'C:\\msys64\\mingw64\\bin', 'C:\\Program Files\\GTK3-Runtime Win64\\bin', 'C:\\Users\\user\\AppData\\Local\\Programs\\Python\\Python313\\Lib\\site-packages\\numpy.libs', 'C:\\msys64\\mingw64\\bin', 'C:\\Program Files\\GTK3-Runtime Win64\\bin', 'C:\\msys64\\mingw64\\bin', 'C:\\Program Files\\GTK3-Runtime Win64\\bin']
100303 INFO: Extra DLL search directories (PATH): []
102638 INFO: Warnings written to C:\Users\user\Desktop\ParidBackend\PrinterClientPro\Windows-Printer-Client\build\PrintClientPro\warn-PrintClientPro.txt
102813 INFO: Graph cross-reference written to C:\Users\user\Desktop\ParidBackend\PrinterClientPro\Windows-Printer-Client\build\PrintClientPro\xref-PrintClientPro.html
102976 INFO: checking PYZ
103063 INFO: Building because C:\Users\user\Desktop\ParidBackend\PrinterClientPro\Windows-Printer-Client\printer_handler.py changed
103063 INFO: Building PYZ (ZlibArchive) C:\Users\user\Desktop\ParidBackend\PrinterClientPro\Windows-Printer-Client\build\PrintClientPro\PYZ-00.pyz
104935 INFO: Building PYZ (ZlibArchive) C:\Users\user\Desktop\ParidBackend\PrinterClientPro\Windows-Printer-Client\build\PrintClientPro\PYZ-00.pyz completed successfully.
105022 INFO: checking PKG
105058 INFO: Building because toc changed
105058 INFO: Building PKG (CArchive) PrintClientPro.pkg
120519 INFO: Building PKG (CArchive) PrintClientPro.pkg completed successfully.
120551 INFO: Bootloader C:\Users\user\AppData\Local\Programs\Python\Python313\Lib\site-packages\PyInstaller\bootloader\Windows-64bit-intel\runw.exe
120552 INFO: checking EXE
120598 INFO: Building because toc changed
120598 INFO: Building EXE from EXE-00.toc
120600 INFO: Copying bootloader EXE to C:\Users\user\Desktop\ParidBackend\PrinterClientPro\Windows-Printer-Client\dist\PrintClientPro.exe
120613 INFO: Copying icon to EXE
120625 INFO: Copying 0 resources to EXE
120626 INFO: Embedding manifest in EXE
121288 INFO: Appending PKG archive to EXE
121601 INFO: Fixing EXE headers
132266 INFO: Building EXE from EXE-00.toc completed successfully.
132339 INFO: Build complete! The results are available in: C:\Users\user\Desktop\ParidBackend\PrinterClientPro\Windows-Printer-Client\dist
Found wkhtmltopdf at: C:\Program Files\wkhtmltopdf\bin\wkhtmltopdf.exe
wkhtmltopdf.exe will be copied to dist folder after build
Found SumatraPDF at: C:\Users\user\Desktop\ParidBackend\PrinterClientPro\Windows-Printer-Client\dist\SumatraPDF.exe
SumatraPDF.exe will be copied to dist folder after build

Copied wkhtmltopdf.exe to dist folder
   Source: C:\Program Files\wkhtmltopdf\bin\wkhtmltopdf.exe
   Dest: C:\Users\user\Desktop\ParidBackend\PrinterClientPro\Windows-Printer-Client\dist\wkhtmltopdf.exe

WARNING: Failed to copy SumatraPDF.exe: [WinError 32] The process cannot access the file because it is being used by another process
